<?xml version="1.0" encoding="UTF-8"?>
<!-- Generated by org.testng.reporters.JUnitReportReporter -->
<testsuite skipped="0" hostname="C12088" name="com.dice.FirstTest" tests="1" failures="0" timestamp="24 Nov 2022 14:09:49 GMT" time="8.285" errors="0">
  <testcase name="diceTestMethod" time="8.285" classname="com.dice.FirstTest"/>
</testsuite> <!-- com.dice.FirstTest -->
