<?xml version="1.0" encoding="UTF-8"?>
<!-- Generated by org.testng.reporters.JUnitReportReporter -->
<testsuite skipped="0" hostname="C12088" name="com.dice.FirstTest" tests="1" failures="0" timestamp="24 Nov 2022 10:39:18 GMT" time="9.772" errors="0">
  <testcase name="diceTestMethod" time="9.772" classname="com.dice.FirstTest"/>
</testsuite> <!-- com.dice.FirstTest -->
